MultiShimmerPlay/build/outputs/logs/manifest-merger-debug-report.txt
-- Merging decision tree log ---
manifest
ADDED from Shimmer_Java_Android_API_v2.10/MultiShimmerPlay/AndroidManifest.xml:2:1-42:12
	xmlns:tools
		ADDED from Shimmer_Java_Android_API_v2.10/MultiShimmerPlay/AndroidManifest.xml:3:5-51
	xmlns:android
		ADDED from Shimmer_Java_Android_API_v2.10/MultiShimmerPlay/AndroidManifest.xml:2:11-69
	package
		ADDED from Shimmer_Java_Android_API_v2.10/MultiShimmerPlay/AndroidManifest.xml:4:5-51
	android:versionName
		ADDED from Shimmer_Java_Android_API_v2.10/MultiShimmerPlay/AndroidManifest.xml:6:5-30
	android:versionCode
		ADDED from Shimmer_Java_Android_API_v2.10/MultiShimmerPlay/AndroidManifest.xml:5:5-28
		INJECTED from Shimmer_Java_Android_API_v2.10/MultiShimmerPlay/AndroidManifest.xml
		INJECTED from Shimmer_Java_Android_API_v2.10/MultiShimmerPlay/AndroidManifest.xml
uses-sdk
ADDED from Shimmer_Java_Android_API_v2.10/MultiShimmerPlay/AndroidManifest.xml:7:5-9:41
MERGED from [Shimmer_Java_Android_API_v2.10:ShimmerAndroidInstrumentDriver:unspecified] AndroidManifest.xml:7:5-9:41
	android:targetSdkVersion
		ADDED from Shimmer_Java_Android_API_v2.10/MultiShimmerPlay/AndroidManifest.xml:9:9-38
	android:minSdkVersion
		ADDED from Shimmer_Java_Android_API_v2.10/MultiShimmerPlay/AndroidManifest.xml:8:9-35
		INJECTED from Shimmer_Java_Android_API_v2.10/MultiShimmerPlay/AndroidManifest.xml
		INJECTED from Shimmer_Java_Android_API_v2.10/MultiShimmerPlay/AndroidManifest.xml
uses-permission#android.permission.BLUETOOTH_ADMIN
ADDED from Shimmer_Java_Android_API_v2.10/MultiShimmerPlay/AndroidManifest.xml:10:5-90
	android:name
		ADDED from Shimmer_Java_Android_API_v2.10/MultiShimmerPlay/AndroidManifest.xml:10:22-71
uses-permission#android.permission.BLUETOOTH
ADDED from Shimmer_Java_Android_API_v2.10/MultiShimmerPlay/AndroidManifest.xml:11:2-81
	android:name
		ADDED from Shimmer_Java_Android_API_v2.10/MultiShimmerPlay/AndroidManifest.xml:11:19-62
uses-permission#android.permission.WRITE_EXTERNAL_STORAGE
ADDED from Shimmer_Java_Android_API_v2.10/MultiShimmerPlay/AndroidManifest.xml:12:2-94
	android:name
		ADDED from Shimmer_Java_Android_API_v2.10/MultiShimmerPlay/AndroidManifest.xml:12:19-75
application
ADDED from Shimmer_Java_Android_API_v2.10/MultiShimmerPlay/AndroidManifest.xml:13:4-40:19
MERGED from [Shimmer_Java_Android_API_v2.10:ShimmerAndroidInstrumentDriver:unspecified] AndroidManifest.xml:11:5-15:19
	android:allowBackup
		ADDED from [Shimmer_Java_Android_API_v2.10:ShimmerAndroidInstrumentDriver:unspecified] AndroidManifest.xml:12:9-35
	android:label
		ADDED from Shimmer_Java_Android_API_v2.10/MultiShimmerPlay/AndroidManifest.xml:15:9-41
	android:debuggable
		ADDED from Shimmer_Java_Android_API_v2.10/MultiShimmerPlay/AndroidManifest.xml:14:9-34
	android:theme
		ADDED from [Shimmer_Java_Android_API_v2.10:ShimmerAndroidInstrumentDriver:unspecified] AndroidManifest.xml:14:9-40
	tools:ignore
		ADDED from Shimmer_Java_Android_API_v2.10/MultiShimmerPlay/AndroidManifest.xml:16:8-41
activity#com.shimmerresearch.multishimmer.MultiShimmerPlayActivity
ADDED from Shimmer_Java_Android_API_v2.10/MultiShimmerPlay/AndroidManifest.xml:17:9-25:20
	android:label
		ADDED from Shimmer_Java_Android_API_v2.10/MultiShimmerPlay/AndroidManifest.xml:19:13-45
	android:name
		ADDED from Shimmer_Java_Android_API_v2.10/MultiShimmerPlay/AndroidManifest.xml:18:13-85
intent-filter#android.intent.action.MAIN+android.intent.category.LAUNCHER
ADDED from Shimmer_Java_Android_API_v2.10/MultiShimmerPlay/AndroidManifest.xml:21:13-24:29
action#android.intent.action.MAIN
ADDED from Shimmer_Java_Android_API_v2.10/MultiShimmerPlay/AndroidManifest.xml:22:17-69
	android:name
		ADDED from Shimmer_Java_Android_API_v2.10/MultiShimmerPlay/AndroidManifest.xml:22:25-66
category#android.intent.category.LAUNCHER
ADDED from Shimmer_Java_Android_API_v2.10/MultiShimmerPlay/AndroidManifest.xml:23:17-77
	android:name
		ADDED from Shimmer_Java_Android_API_v2.10/MultiShimmerPlay/AndroidManifest.xml:23:27-74
activity#com.shimmerresearch.multishimmer.MainCommandsActivity
ADDED from Shimmer_Java_Android_API_v2.10/MultiShimmerPlay/AndroidManifest.xml:26:9-173
	android:label
		ADDED from Shimmer_Java_Android_API_v2.10/MultiShimmerPlay/AndroidManifest.xml:26:132-161
	android:theme
		ADDED from Shimmer_Java_Android_API_v2.10/MultiShimmerPlay/AndroidManifest.xml:26:88-131
	android:name
		ADDED from Shimmer_Java_Android_API_v2.10/MultiShimmerPlay/AndroidManifest.xml:26:19-87
activity#com.shimmerresearch.multishimmer.DeviceListActivity
ADDED from Shimmer_Java_Android_API_v2.10/MultiShimmerPlay/AndroidManifest.xml:27:9-30:20
	android:label
		ADDED from Shimmer_Java_Android_API_v2.10/MultiShimmerPlay/AndroidManifest.xml:28:19-56
	android:theme
		ADDED from Shimmer_Java_Android_API_v2.10/MultiShimmerPlay/AndroidManifest.xml:29:19-62
	android:name
		ADDED from Shimmer_Java_Android_API_v2.10/MultiShimmerPlay/AndroidManifest.xml:27:19-85
activity#com.shimmerresearch.multishimmer.CommandsSub
ADDED from Shimmer_Java_Android_API_v2.10/MultiShimmerPlay/AndroidManifest.xml:31:9-162
	android:label
		ADDED from Shimmer_Java_Android_API_v2.10/MultiShimmerPlay/AndroidManifest.xml:31:123-150
	android:theme
		ADDED from Shimmer_Java_Android_API_v2.10/MultiShimmerPlay/AndroidManifest.xml:31:79-122
	android:name
		ADDED from Shimmer_Java_Android_API_v2.10/MultiShimmerPlay/AndroidManifest.xml:31:19-78
activity#com.shimmerresearch.multishimmer.LoggingActivity
ADDED from Shimmer_Java_Android_API_v2.10/MultiShimmerPlay/AndroidManifest.xml:32:9-162
	android:label
		ADDED from Shimmer_Java_Android_API_v2.10/MultiShimmerPlay/AndroidManifest.xml:32:127-150
	android:theme
		ADDED from Shimmer_Java_Android_API_v2.10/MultiShimmerPlay/AndroidManifest.xml:32:83-126
	android:name
		ADDED from Shimmer_Java_Android_API_v2.10/MultiShimmerPlay/AndroidManifest.xml:32:19-82
activity#com.shimmerresearch.multishimmer.ConfigureActivity
ADDED from Shimmer_Java_Android_API_v2.10/MultiShimmerPlay/AndroidManifest.xml:33:9-166
	android:label
		ADDED from Shimmer_Java_Android_API_v2.10/MultiShimmerPlay/AndroidManifest.xml:33:129-154
	android:theme
		ADDED from Shimmer_Java_Android_API_v2.10/MultiShimmerPlay/AndroidManifest.xml:33:85-128
	android:name
		ADDED from Shimmer_Java_Android_API_v2.10/MultiShimmerPlay/AndroidManifest.xml:33:19-84
activity#com.shimmerresearch.multishimmer.GraphActivity
ADDED from Shimmer_Java_Android_API_v2.10/MultiShimmerPlay/AndroidManifest.xml:34:9-158
	android:label
		ADDED from Shimmer_Java_Android_API_v2.10/MultiShimmerPlay/AndroidManifest.xml:34:125-146
	android:theme
		ADDED from Shimmer_Java_Android_API_v2.10/MultiShimmerPlay/AndroidManifest.xml:34:81-124
	android:name
		ADDED from Shimmer_Java_Android_API_v2.10/MultiShimmerPlay/AndroidManifest.xml:34:19-80
activity#com.shimmerresearch.multishimmer.SensorViewActivity
ADDED from Shimmer_Java_Android_API_v2.10/MultiShimmerPlay/AndroidManifest.xml:35:9-169
	android:label
		ADDED from Shimmer_Java_Android_API_v2.10/MultiShimmerPlay/AndroidManifest.xml:35:130-157
	android:theme
		ADDED from Shimmer_Java_Android_API_v2.10/MultiShimmerPlay/AndroidManifest.xml:35:86-129
	android:name
		ADDED from Shimmer_Java_Android_API_v2.10/MultiShimmerPlay/AndroidManifest.xml:35:19-85
activity#com.shimmerresearch.multishimmer.ShimmerSetSound
ADDED from Shimmer_Java_Android_API_v2.10/MultiShimmerPlay/AndroidManifest.xml:36:9-167
	android:label
		ADDED from Shimmer_Java_Android_API_v2.10/MultiShimmerPlay/AndroidManifest.xml:36:127-155
	android:theme
		ADDED from Shimmer_Java_Android_API_v2.10/MultiShimmerPlay/AndroidManifest.xml:36:83-126
	android:name
		ADDED from Shimmer_Java_Android_API_v2.10/MultiShimmerPlay/AndroidManifest.xml:36:19-82
activity#com.shimmerresearch.multishimmer.ShimmerSoundsMain
ADDED from Shimmer_Java_Android_API_v2.10/MultiShimmerPlay/AndroidManifest.xml:37:9-176
	android:label
		ADDED from Shimmer_Java_Android_API_v2.10/MultiShimmerPlay/AndroidManifest.xml:37:129-164
	android:theme
		ADDED from Shimmer_Java_Android_API_v2.10/MultiShimmerPlay/AndroidManifest.xml:37:85-128
	android:name
		ADDED from Shimmer_Java_Android_API_v2.10/MultiShimmerPlay/AndroidManifest.xml:37:19-84
service#com.shimmerresearch.service.MultiShimmerPlayService
ADDED from Shimmer_Java_Android_API_v2.10/MultiShimmerPlay/AndroidManifest.xml:39:9-110
	android:enabled
		ADDED from Shimmer_Java_Android_API_v2.10/MultiShimmerPlay/AndroidManifest.xml:39:18-40
	android:name
		ADDED from Shimmer_Java_Android_API_v2.10/MultiShimmerPlay/AndroidManifest.xml:39:41-107